Linux 6.6.74+rpt-rpi-2712 (rpi-S) 	12/04/25 	_aarch64_	(4 CPU)

---

      UID       PID    %usr %system  %guest   %wait    %CPU
        0    418155    0.00    0.00    0.00    0.00    0.00

      UID       PID  minflt/s  majflt/s     VSZ     RSS   %MEM
        0    418155      0.00      0.00 1240608   17552   0.21

---

      UID       PID    %usr %system  %guest   %wait    %CPU
        0    418155    0.00    0.00    0.00    0.00    0.00

      UID       PID  minflt/s  majflt/s     VSZ     RSS   %MEM
        0    418155      0.00      0.00 1240608   17552   0.21

---

      UID       PID    %usr %system  %guest   %wait    %CPU
        0    418155    0.00    0.00    0.00    0.00    0.00

      UID       PID  minflt/s  majflt/s     VSZ     RSS   %MEM
        0    418155      9.00      0.00 1240608   17552   0.21

---

      UID       PID    %usr %system  %guest   %wait    %CPU
        0    418155    0.00    1.00    0.00    0.00    1.00

      UID       PID  minflt/s  majflt/s     VSZ     RSS   %MEM
        0    418155      0.00      0.00 1240608   17552   0.21

---

      UID       PID    %usr %system  %guest   %wait    %CPU
        0    418155    1.00    0.00    0.00    0.00    1.00

      UID       PID  minflt/s  majflt/s     VSZ     RSS   %MEM
        0    418155      0.00      0.00 1240608   17552   0.21

---

      UID       PID    %usr %system  %guest   %wait    %CPU
        0    418155    0.00    0.00    0.00    0.00    0.00

      UID       PID  minflt/s  majflt/s     VSZ     RSS   %MEM
        0    418155      3.00      0.00 1240608   17552   0.21

---

      UID       PID    %usr %system  %guest   %wait    %CPU
        0    418155    0.00    0.00    0.00    0.00    0.00

      UID       PID  minflt/s  majflt/s     VSZ     RSS   %MEM
        0    418155      0.00      0.00 1240608   17552   0.21

---

      UID       PID    %usr %system  %guest   %wait    %CPU
        0    418155    0.00    1.00    0.00    0.00    1.00

      UID       PID  minflt/s  majflt/s     VSZ     RSS   %MEM
        0    418155      1.00      0.00 1240608   17552   0.21

---

      UID       PID    %usr %system  %guest   %wait    %CPU
        0    418155    0.99    0.00    0.00    0.00    0.99

      UID       PID  minflt/s  majflt/s     VSZ     RSS   %MEM
        0    418155      0.99      0.00 1240608   17552   0.21

---

      UID       PID    %usr %system  %guest   %wait    %CPU
        0    418155    0.00    0.00    0.00    0.00    0.00

      UID       PID  minflt/s  majflt/s     VSZ     RSS   %MEM
        0    418155      6.00      0.00 1240608   17552   0.21

---

      UID       PID    %usr %system  %guest   %wait    %CPU
        0    418155    1.00    1.00    0.00    0.00    2.00

      UID       PID  minflt/s  majflt/s     VSZ     RSS   %MEM
        0    418155      1.00      0.00 1240608   17552   0.21

---

      UID       PID    %usr %system  %guest   %wait    %CPU
        0    418155    0.00    0.00    0.00    0.00    0.00

      UID       PID  minflt/s  majflt/s     VSZ     RSS   %MEM
        0    418155      3.00      0.00 1240608   17552   0.21

---

      UID       PID    %usr %system  %guest   %wait    %CPU
        0    418155    0.00    0.00    0.00    0.00    0.00

      UID       PID  minflt/s  majflt/s     VSZ     RSS   %MEM
        0    418155      2.00      0.00 1240608   17552   0.21

---

      UID       PID    %usr %system  %guest   %wait    %CPU
        0    418155    0.00    1.00    0.00    0.00    1.00

      UID       PID  minflt/s  majflt/s     VSZ     RSS   %MEM
        0    418155      4.00      0.00 1240608   17552   0.21

---

      UID       PID    %usr %system  %guest   %wait    %CPU
        0    418155    1.00    0.00    0.00    0.00    1.00

      UID       PID  minflt/s  majflt/s     VSZ     RSS   %MEM
        0    418155      2.00      0.00 1240608   17552   0.21

---

      UID       PID    %usr %system  %guest   %wait    %CPU
        0    418155    0.00    1.00    0.00    0.00    1.00

      UID       PID  minflt/s  majflt/s     VSZ     RSS   %MEM
        0    418155      2.00      0.00 1240608   17552   0.21

---

      UID       PID    %usr %system  %guest   %wait    %CPU
        0    418155    0.00    0.00    0.00    0.00    0.00

      UID       PID  minflt/s  majflt/s     VSZ     RSS   %MEM
        0    418155      1.00      0.00 1240608   17552   0.21

---

      UID       PID    %usr %system  %guest   %wait    %CPU
        0    418155    0.00    1.00    0.00    0.00    1.00

      UID       PID  minflt/s  majflt/s     VSZ     RSS   %MEM
        0    418155      1.00      0.00 1240608   17552   0.21

---

      UID       PID    %usr %system  %guest   %wait    %CPU
        0    418155    0.00    0.00    0.00    0.00    0.00

      UID       PID  minflt/s  majflt/s     VSZ     RSS   %MEM
        0    418155      1.00      0.00 1240608   18064   0.22

---

      UID       PID    %usr %system  %guest   %wait    %CPU
        0    418155    0.00    1.00    0.00    0.00    1.00

      UID       PID  minflt/s  majflt/s     VSZ     RSS   %MEM
        0    418155      1.00      0.00 1240608   18064   0.22

---

      UID       PID    %usr %system  %guest   %wait    %CPU
        0    418155    0.00    0.00    0.00    0.00    0.00

      UID       PID  minflt/s  majflt/s     VSZ     RSS   %MEM
        0    418155      2.00      0.00 1240608   18064   0.22

---

      UID       PID    %usr %system  %guest   %wait    %CPU
        0    418155    0.00    1.00    0.00    0.00    1.00

      UID       PID  minflt/s  majflt/s     VSZ     RSS   %MEM
        0    418155      1.00      0.00 1240608   18064   0.22

---

      UID       PID    %usr %system  %guest   %wait    %CPU
        0    418155    0.00    0.00    0.00    0.00    0.00

      UID       PID  minflt/s  majflt/s     VSZ     RSS   %MEM
        0    418155      1.00      0.00 1240608   18064   0.22

---

      UID       PID    %usr %system  %guest   %wait    %CPU
        0    418155    0.00    1.00    0.00    0.00    1.00

      UID       PID  minflt/s  majflt/s     VSZ     RSS   %MEM
        0    418155      2.00      0.00 1240608   18064   0.22

---

      UID       PID    %usr %system  %guest   %wait    %CPU
        0    418155    0.00    1.00    0.00    0.00    1.00

      UID       PID  minflt/s  majflt/s     VSZ     RSS   %MEM
        0    418155      1.00      0.00 1240608   18064   0.22

---

      UID       PID    %usr %system  %guest   %wait    %CPU
        0    418155    1.00    0.00    0.00    0.00    1.00

      UID       PID  minflt/s  majflt/s     VSZ     RSS   %MEM
        0    418155      6.00      0.00 1240608   18064   0.22

---

      UID       PID    %usr %system  %guest   %wait    %CPU
        0    418155    0.00    1.00    0.00    0.00    1.00

      UID       PID  minflt/s  majflt/s     VSZ     RSS   %MEM
        0    418155      0.00      0.00 1240608   18064   0.22

---

      UID       PID    %usr %system  %guest   %wait    %CPU
        0    418155    0.00    0.00    0.00    0.00    0.00

      UID       PID  minflt/s  majflt/s     VSZ     RSS   %MEM
        0    418155      0.00      0.00 1240608   18064   0.22

---

      UID       PID    %usr %system  %guest   %wait    %CPU
        0    418155    0.00    1.00    0.00    0.00    1.00

      UID       PID  minflt/s  majflt/s     VSZ     RSS   %MEM
        0    418155      4.00      0.00 1240608   18064   0.22

---

      UID       PID    %usr %system  %guest   %wait    %CPU
        0    418155    0.00    0.00    0.00    0.00    0.00

      UID       PID  minflt/s  majflt/s     VSZ     RSS   %MEM
        0    418155      1.00      0.00 1240608   18064   0.22

---

      UID       PID    %usr %system  %guest   %wait    %CPU
        0    418155    0.00    1.00    0.00    0.00    1.00

      UID       PID  minflt/s  majflt/s     VSZ     RSS   %MEM
        0    418155      1.00      0.00 1240608   18064   0.22

---

      UID       PID    %usr %system  %guest   %wait    %CPU
        0    418155    1.00    0.00    0.00    0.00    1.00

      UID       PID  minflt/s  majflt/s     VSZ     RSS   %MEM
        0    418155      3.00      0.00 1240608   18064   0.22

---

      UID       PID    %usr %system  %guest   %wait    %CPU
        0    418155    0.00    1.00    0.00    0.00    1.00

      UID       PID  minflt/s  majflt/s     VSZ     RSS   %MEM
        0    418155      0.00      0.00 1240608   18064   0.22

---

      UID       PID    %usr %system  %guest   %wait    %CPU
        0    418155    0.00    0.00    0.00    0.00    0.00

      UID       PID  minflt/s  majflt/s     VSZ     RSS   %MEM
        0    418155      2.00      0.00 1240608   18064   0.22

---

      UID       PID    %usr %system  %guest   %wait    %CPU
        0    418155    0.00    0.00    0.00    0.00    0.00

      UID       PID  minflt/s  majflt/s     VSZ     RSS   %MEM
        0    418155      1.00      0.00 1240608   18064   0.22

---

      UID       PID    %usr %system  %guest   %wait    %CPU
        0    418155    0.00    1.00    0.00    0.00    1.00

      UID       PID  minflt/s  majflt/s     VSZ     RSS   %MEM
        0    418155      2.00      0.00 1240608   18064   0.22

---

      UID       PID    %usr %system  %guest   %wait    %CPU
        0    418155    0.00    0.00    0.00    0.00    0.00

      UID       PID  minflt/s  majflt/s     VSZ     RSS   %MEM
        0    418155      1.00      0.00 1240608   18064   0.22

---

      UID       PID    %usr %system  %guest   %wait    %CPU
        0    418155    0.00    1.00    0.00    0.00    1.00

      UID       PID  minflt/s  majflt/s     VSZ     RSS   %MEM
        0    418155      2.00      0.00 1240608   18064   0.22

---

      UID       PID    %usr %system  %guest   %wait    %CPU
        0    418155    0.00    1.00    0.00    0.00    1.00

      UID       PID  minflt/s  majflt/s     VSZ     RSS   %MEM
        0    418155      4.00      0.00 1240608   18064   0.22

---

      UID       PID    %usr %system  %guest   %wait    %CPU
        0    418155    0.00    0.00    0.00    0.00    0.00

      UID       PID  minflt/s  majflt/s     VSZ     RSS   %MEM
        0    418155      1.00      0.00 1240608   18064   0.22

---

      UID       PID    %usr %system  %guest   %wait    %CPU
        0    418155    1.00    1.00    0.00    0.00    2.00

      UID       PID  minflt/s  majflt/s     VSZ     RSS   %MEM
        0    418155      2.00      0.00 1240608   18064   0.22

---

      UID       PID    %usr %system  %guest   %wait    %CPU
        0    418155    0.00    0.00    0.00    0.00    0.00

      UID       PID  minflt/s  majflt/s     VSZ     RSS   %MEM
        0    418155      2.00      0.00 1240608   18064   0.22

---

      UID       PID    %usr %system  %guest   %wait    %CPU
        0    418155    0.00    0.00    0.00    0.00    0.00

      UID       PID  minflt/s  majflt/s     VSZ     RSS   %MEM
        0    418155      2.00      0.00 1240608   18064   0.22

---

      UID       PID    %usr %system  %guest   %wait    %CPU
        0    418155    0.00    1.00    0.00    0.00    1.00

      UID       PID  minflt/s  majflt/s     VSZ     RSS   %MEM
        0    418155      1.00      0.00 1240608   18064   0.22

---

      UID       PID    %usr %system  %guest   %wait    %CPU
        0    418155    0.00    0.00    0.00    0.00    0.00

      UID       PID  minflt/s  majflt/s     VSZ     RSS   %MEM
        0    418155      1.00      0.00 1240608   18064   0.22

---

      UID       PID    %usr %system  %guest   %wait    %CPU
        0    418155    1.00    1.00    0.00    0.00    2.00

      UID       PID  minflt/s  majflt/s     VSZ     RSS   %MEM
        0    418155      3.00      0.00 1240608   18064   0.22

---

      UID       PID    %usr %system  %guest   %wait    %CPU
        0    418155    0.00    0.00    0.00    0.00    0.00

      UID       PID  minflt/s  majflt/s     VSZ     RSS   %MEM
        0    418155      1.00      0.00 1240608   18064   0.22

---

      UID       PID    %usr %system  %guest   %wait    %CPU
        0    418155    0.00    1.00    0.00    0.00    1.00

      UID       PID  minflt/s  majflt/s     VSZ     RSS   %MEM
        0    418155      1.00      0.00 1240608   18064   0.22

---

      UID       PID    %usr %system  %guest   %wait    %CPU
        0    418155    0.00    0.00    0.00    0.00    0.00

      UID       PID  minflt/s  majflt/s     VSZ     RSS   %MEM
        0    418155      0.00      0.00 1240608   18064   0.22

---

      UID       PID    %usr %system  %guest   %wait    %CPU
        0    418155    0.00    0.00    0.00    0.00    0.00

      UID       PID  minflt/s  majflt/s     VSZ     RSS   %MEM
        0    418155      1.00      0.00 1240608   18064   0.22

---

      UID       PID    %usr %system  %guest   %wait    %CPU
        0    418155    0.00    1.00    0.00    0.00    1.00

      UID       PID  minflt/s  majflt/s     VSZ     RSS   %MEM
        0    418155      2.00      0.00 1240608   18576   0.23

---

      UID       PID    %usr %system  %guest   %wait    %CPU
        0    418155    1.00    0.00    0.00    0.00    1.00

      UID       PID  minflt/s  majflt/s     VSZ     RSS   %MEM
        0    418155      2.00      0.00 1240608   18576   0.23

---

      UID       PID    %usr %system  %guest   %wait    %CPU
        0    418155    1.00    0.00    0.00    0.00    1.00

      UID       PID  minflt/s  majflt/s     VSZ     RSS   %MEM
        0    418155      0.00      0.00 1240608   18576   0.23

---

      UID       PID    %usr %system  %guest   %wait    %CPU
        0    418155    0.00    0.00    0.00    0.00    0.00

      UID       PID  minflt/s  majflt/s     VSZ     RSS   %MEM
        0    418155      3.00      0.00 1240608   18576   0.23

---

      UID       PID    %usr %system  %guest   %wait    %CPU
        0    418155    0.00    0.00    0.00    0.00    0.00

      UID       PID  minflt/s  majflt/s     VSZ     RSS   %MEM
        0    418155      3.00      0.00 1240608   18576   0.23

---

      UID       PID    %usr %system  %guest   %wait    %CPU
        0    418155    1.00    1.00    0.00    0.00    2.00

      UID       PID  minflt/s  majflt/s     VSZ     RSS   %MEM
        0    418155      1.00      0.00 1240608   18576   0.23

---

      UID       PID    %usr %system  %guest   %wait    %CPU
        0    418155    0.00    0.00    0.00    0.00    0.00

      UID       PID  minflt/s  majflt/s     VSZ     RSS   %MEM
        0    418155      2.00      0.00 1240608   18576   0.23

--- 60 

      UID       PID    %usr %system  %guest   %wait    %CPU
        0    418155    0.00    0.00    0.00    0.00    0.00

      UID       PID  minflt/s  majflt/s     VSZ     RSS   %MEM
        0    418155      3.00      0.00 1240608   18576   0.23

---

      UID       PID    %usr %system  %guest   %wait    %CPU
        0    418155    0.00    1.00    0.00    0.00    1.00

      UID       PID  minflt/s  majflt/s     VSZ     RSS   %MEM
        0    418155      0.00      0.00 1240608   18576   0.23

---

      UID       PID    %usr %system  %guest   %wait    %CPU
        0    418155    1.00    0.00    0.00    0.00    1.00

      UID       PID  minflt/s  majflt/s     VSZ     RSS   %MEM
        0    418155      3.00      0.00 1240608   18576   0.23

---

      UID       PID    %usr %system  %guest   %wait    %CPU
        0    418155    0.00    1.00    0.00    0.00    1.00

      UID       PID  minflt/s  majflt/s     VSZ     RSS   %MEM
        0    418155      1.00      0.00 1240608   18576   0.23

---

      UID       PID    %usr %system  %guest   %wait    %CPU
        0    418155    0.00    1.00    0.00    0.00    1.00

      UID       PID  minflt/s  majflt/s     VSZ     RSS   %MEM
        0    418155      2.00      0.00 1240608   18576   0.23

---

      UID       PID    %usr %system  %guest   %wait    %CPU
        0    418155    0.00    0.00    0.00    0.00    0.00

      UID       PID  minflt/s  majflt/s     VSZ     RSS   %MEM
        0    418155      1.00      0.00 1240608   18576   0.23

---

      UID       PID    %usr %system  %guest   %wait    %CPU
        0    418155    0.00    0.00    0.00    0.00    0.00

      UID       PID  minflt/s  majflt/s     VSZ     RSS   %MEM
        0    418155      1.00      0.00 1240608   19088   0.23

---

      UID       PID    %usr %system  %guest   %wait    %CPU
        0    418155    0.00    1.00    0.00    0.00    1.00

      UID       PID  minflt/s  majflt/s     VSZ     RSS   %MEM
        0    418155      3.00      0.00 1240608   19088   0.23

---

      UID       PID    %usr %system  %guest   %wait    %CPU
        0    418155    0.00    1.00    0.00    0.00    1.00

      UID       PID  minflt/s  majflt/s     VSZ     RSS   %MEM
        0    418155      2.00      0.00 1240608   19088   0.23

---

      UID       PID    %usr %system  %guest   %wait    %CPU
        0    418155    0.00    0.00    0.00    0.00    0.00

      UID       PID  minflt/s  majflt/s     VSZ     RSS   %MEM
        0    418155      2.00      0.00 1240608   19088   0.23

---

      UID       PID    %usr %system  %guest   %wait    %CPU
        0    418155    0.00    1.00    0.00    0.00    1.00

      UID       PID  minflt/s  majflt/s     VSZ     RSS   %MEM
        0    418155      5.00      0.00 1240608   19088   0.23

---

      UID       PID    %usr %system  %guest   %wait    %CPU
        0    418155    0.00    0.00    0.00    0.00    0.00

      UID       PID  minflt/s  majflt/s     VSZ     RSS   %MEM
        0    418155      1.00      0.00 1240608   19088   0.23

---

      UID       PID    %usr %system  %guest   %wait    %CPU
        0    418155    0.00    1.00    0.00    0.00    1.00

      UID       PID  minflt/s  majflt/s     VSZ     RSS   %MEM
        0    418155      5.00      0.00 1240608   19088   0.23

---

      UID       PID    %usr %system  %guest   %wait    %CPU
        0    418155    1.00    0.00    0.00    0.00    1.00

      UID       PID  minflt/s  majflt/s     VSZ     RSS   %MEM
        0    418155      1.00      0.00 1240608   19088   0.23

---

      UID       PID    %usr %system  %guest   %wait    %CPU
        0    418155    0.00    0.00    0.00    0.00    0.00

      UID       PID  minflt/s  majflt/s     VSZ     RSS   %MEM
        0    418155      0.00      0.00 1240608   19088   0.23

---

      UID       PID    %usr %system  %guest   %wait    %CPU
        0    418155    1.00    1.00    0.00    0.00    2.00

      UID       PID  minflt/s  majflt/s     VSZ     RSS   %MEM
        0    418155      1.00      0.00 1240608   19088   0.23

---

      UID       PID    %usr %system  %guest   %wait    %CPU
        0    418155    0.00    0.00    0.00    0.00    0.00

      UID       PID  minflt/s  majflt/s     VSZ     RSS   %MEM
        0    418155      1.00      0.00 1240608   19088   0.23

---

      UID       PID    %usr %system  %guest   %wait    %CPU
        0    418155    0.00    1.00    0.00    0.00    1.00

      UID       PID  minflt/s  majflt/s     VSZ     RSS   %MEM
        0    418155      0.00      0.00 1240608   19088   0.23

---

      UID       PID    %usr %system  %guest   %wait    %CPU
        0    418155    0.00    1.00    0.00    0.00    1.00

      UID       PID  minflt/s  majflt/s     VSZ     RSS   %MEM
        0    418155      0.00      0.00 1240608   19088   0.23

---

      UID       PID    %usr %system  %guest   %wait    %CPU
        0    418155    0.00    1.00    0.00    0.00    1.00

      UID       PID  minflt/s  majflt/s     VSZ     RSS   %MEM
        0    418155      1.00      0.00 1240608   19088   0.23

---

      UID       PID    %usr %system  %guest   %wait    %CPU
        0    418155    0.00    0.00    0.00    0.00    0.00

      UID       PID  minflt/s  majflt/s     VSZ     RSS   %MEM
        0    418155      0.00      0.00 1240608   19088   0.23

---

      UID       PID    %usr %system  %guest   %wait    %CPU
        0    418155    0.00    1.00    0.00    0.00    1.00

      UID       PID  minflt/s  majflt/s     VSZ     RSS   %MEM
        0    418155      1.00      0.00 1240608   19088   0.23

---

      UID       PID    %usr %system  %guest   %wait    %CPU
        0    418155    0.00    1.00    0.00    0.00    1.00

      UID       PID  minflt/s  majflt/s     VSZ     RSS   %MEM
        0    418155      0.00      0.00 1240608   19088   0.23

---

      UID       PID    %usr %system  %guest   %wait    %CPU
        0    418155    0.00    0.00    0.00    0.00    0.00

      UID       PID  minflt/s  majflt/s     VSZ     RSS   %MEM
        0    418155      2.00      0.00 1240608   19088   0.23

---

      UID       PID    %usr %system  %guest   %wait    %CPU
        0    418155    0.00    1.00    0.00    0.00    1.00

      UID       PID  minflt/s  majflt/s     VSZ     RSS   %MEM
        0    418155      2.00      0.00 1240608   19088   0.23

---

      UID       PID    %usr %system  %guest   %wait    %CPU
        0    418155    0.00    0.00    0.00    0.00    0.00

      UID       PID  minflt/s  majflt/s     VSZ     RSS   %MEM
        0    418155      0.00      0.00 1240608   19088   0.23

---

      UID       PID    %usr %system  %guest   %wait    %CPU
        0    418155    1.00    0.00    0.00    0.00    1.00

      UID       PID  minflt/s  majflt/s     VSZ     RSS   %MEM
        0    418155      2.00      0.00 1240608   19088   0.23

---

      UID       PID    %usr %system  %guest   %wait    %CPU
        0    418155    0.00    0.00    0.00    0.00    0.00

      UID       PID  minflt/s  majflt/s     VSZ     RSS   %MEM
        0    418155      0.00      0.00 1240608   19088   0.23

---

      UID       PID    %usr %system  %guest   %wait    %CPU
        0    418155    1.00    1.00    0.00    0.00    2.00

      UID       PID  minflt/s  majflt/s     VSZ     RSS   %MEM
        0    418155      0.00      0.00 1240608   19088   0.23

---

      UID       PID    %usr %system  %guest   %wait    %CPU
        0    418155    0.00    0.00    0.00    0.00    0.00

      UID       PID  minflt/s  majflt/s     VSZ     RSS   %MEM
        0    418155      1.00      0.00 1240608   19088   0.23

---

      UID       PID    %usr %system  %guest   %wait    %CPU
        0    418155    1.00    0.00    0.00    0.00    1.00

      UID       PID  minflt/s  majflt/s     VSZ     RSS   %MEM
        0    418155      3.00      0.00 1240608   19088   0.23

---

      UID       PID    %usr %system  %guest   %wait    %CPU
        0    418155    0.00    1.00    0.00    0.00    1.00

      UID       PID  minflt/s  majflt/s     VSZ     RSS   %MEM
        0    418155      0.00      0.00 1240608   19088   0.23

---

      UID       PID    %usr %system  %guest   %wait    %CPU
        0    418155    0.00    0.00    0.00    0.00    0.00

      UID       PID  minflt/s  majflt/s     VSZ     RSS   %MEM
        0    418155      0.00      0.00 1240608   19088   0.23

---

      UID       PID    %usr %system  %guest   %wait    %CPU
        0    418155    0.00    1.00    0.00    0.00    1.00

      UID       PID  minflt/s  majflt/s     VSZ     RSS   %MEM
        0    418155      0.00      0.00 1240608   19088   0.23

---

      UID       PID    %usr %system  %guest   %wait    %CPU
        0    418155    1.00    0.00    0.00    0.00    1.00

      UID       PID  minflt/s  majflt/s     VSZ     RSS   %MEM
        0    418155      1.00      0.00 1240608   19088   0.23

---

      UID       PID    %usr %system  %guest   %wait    %CPU
        0    418155    0.00    0.00    0.00    0.00    0.00

      UID       PID  minflt/s  majflt/s     VSZ     RSS   %MEM
        0    418155      0.00      0.00 1240608   19088   0.23

---

      UID       PID    %usr %system  %guest   %wait    %CPU
        0    418155    0.00    1.00    0.00    0.00    1.00

      UID       PID  minflt/s  majflt/s     VSZ     RSS   %MEM
        0    418155      1.00      0.00 1240608   19088   0.23

---

      UID       PID    %usr %system  %guest   %wait    %CPU
        0    418155    0.00    1.00    0.00    0.00    1.00

      UID       PID  minflt/s  majflt/s     VSZ     RSS   %MEM
        0    418155      1.00      0.00 1240608   19088   0.23

---

      UID       PID    %usr %system  %guest   %wait    %CPU
        0    418155    1.00    0.00    0.00    0.00    1.00

      UID       PID  minflt/s  majflt/s     VSZ     RSS   %MEM
        0    418155      0.00      0.00 1240608   19088   0.23

---

      UID       PID    %usr %system  %guest   %wait    %CPU
        0    418155    0.00    1.00    0.00    0.00    1.00

      UID       PID  minflt/s  majflt/s     VSZ     RSS   %MEM
        0    418155      0.00      0.00 1240608   19088   0.23

---

      UID       PID    %usr %system  %guest   %wait    %CPU
        0    418155    0.00    0.00    0.00    0.00    0.00

      UID       PID  minflt/s  majflt/s     VSZ     RSS   %MEM
        0    418155      0.00      0.00 1240608   19088   0.23

---

      UID       PID    %usr %system  %guest   %wait    %CPU
        0    418155    0.00    0.00    0.00    0.00    0.00

      UID       PID  minflt/s  majflt/s     VSZ     RSS   %MEM
        0    418155      0.00      0.00 1240608   19088   0.23

---

      UID       PID    %usr %system  %guest   %wait    %CPU
        0    418155    1.00    1.00    0.00    0.00    2.00

      UID       PID  minflt/s  majflt/s     VSZ     RSS   %MEM
        0    418155      1.00      0.00 1240608   19088   0.23
