Linux 6.6.74+rpt-rpi-2712 (rpi5-L) 	12/04/25 	_aarch64_	(4 CPU)

UID       PID    %usr %system  %guest   %wait    %CPU
114       969    1.00    0.00    0.00    0.00    1.00

UID       PID  minflt/s  majflt/s     VSZ     RSS   %MEM
114       969      0.00      0.00 2790672  250096   3.03

---

UID       PID    %usr %system  %guest   %wait    %CPU
114       969    0.99    0.00    0.00    0.00    0.99

UID       PID  minflt/s  majflt/s     VSZ     RSS   %MEM
114       969     42.57      0.00 2791184  250608   3.03

---

UID       PID    %usr %system  %guest   %wait    %CPU
114       969    1.00    0.00    0.00    0.00    1.00

UID       PID  minflt/s  majflt/s     VSZ     RSS   %MEM
114       969      0.00      0.00 2791184  250608   3.03

---

UID       PID    %usr %system  %guest   %wait    %CPU
114       969    1.00    0.00    0.00    0.00    1.00

UID       PID  minflt/s  majflt/s     VSZ     RSS   %MEM
114       969      0.00      0.00 2791184  250608   3.03

---

UID       PID    %usr %system  %guest   %wait    %CPU
114       969    3.00    2.00    0.00    0.00    5.00

UID       PID  minflt/s  majflt/s     VSZ     RSS   %MEM
114       969      9.00      0.00 2791184  250608   3.03

---

UID       PID    %usr %system  %guest   %wait    %CPU
114       969    2.00    1.00    0.00    0.00    3.00

UID       PID  minflt/s  majflt/s     VSZ     RSS   %MEM
114       969     27.00      0.00 2791936  251120   3.04

---

UID       PID    %usr %system  %guest   %wait    %CPU
114       969    3.00    1.00    0.00    0.00    4.00

UID       PID  minflt/s  majflt/s     VSZ     RSS   %MEM
114       969     49.00      0.00 2792896  251632   3.05

---

UID       PID    %usr %system  %guest   %wait    %CPU
114       969    2.00    0.00    0.00    0.00    2.00

UID       PID  minflt/s  majflt/s     VSZ     RSS   %MEM
114       969      0.00      0.00 2792016  250960   3.04

---

UID       PID    %usr %system  %guest   %wait    %CPU
114       969    4.00    0.00    0.00    0.00    4.00

UID       PID  minflt/s  majflt/s     VSZ     RSS   %MEM
114       969      2.00      0.00 2791504  250960   3.04

---

UID       PID    %usr %system  %guest   %wait    %CPU
114       969    3.00    1.00    0.00    0.00    4.00

UID       PID  minflt/s  majflt/s     VSZ     RSS   %MEM
114       969     16.00      0.00 2792224  250960   3.04

---

UID       PID    %usr %system  %guest   %wait    %CPU
114       969    3.00    1.00    0.00    0.00    4.00

UID       PID  minflt/s  majflt/s     VSZ     RSS   %MEM
114       969      0.00      0.00 2791856  250208   3.03

---

UID       PID    %usr %system  %guest   %wait    %CPU
114       969    3.00    0.00    0.00    0.00    3.00

UID       PID  minflt/s  majflt/s     VSZ     RSS   %MEM
114       969      8.00      0.00 2791264  249616   3.02

---

UID       PID    %usr %system  %guest   %wait    %CPU
114       969    3.00    1.00    0.00    0.00    4.00

UID       PID  minflt/s  majflt/s     VSZ     RSS   %MEM
114       969      0.00      0.00 2791264  249616   3.02

---

UID       PID    %usr %system  %guest   %wait    %CPU
114       969    3.00    0.00    0.00    0.00    3.00

UID       PID  minflt/s  majflt/s     VSZ     RSS   %MEM
114       969      0.00      0.00 2791264  249616   3.02

---

UID       PID    %usr %system  %guest   %wait    %CPU
114       969    3.00    1.00    0.00    0.00    4.00

UID       PID  minflt/s  majflt/s     VSZ     RSS   %MEM
114       969     10.00      0.00 2791264  249616   3.02

---

UID       PID    %usr %system  %guest   %wait    %CPU
114       969    3.00    0.00    0.00    0.00    3.00

UID       PID  minflt/s  majflt/s     VSZ     RSS   %MEM
114       969      0.00      0.00 2791264  249616   3.02

---

UID       PID    %usr %system  %guest   %wait    %CPU
114       969    2.00    3.00    0.00    0.00    5.00

UID       PID  minflt/s  majflt/s     VSZ     RSS   %MEM
114       969      8.00      0.00 2791264  249616   3.02

---

UID       PID    %usr %system  %guest   %wait    %CPU
114       969    3.00    0.00    0.00    0.00    3.00

UID       PID  minflt/s  majflt/s     VSZ     RSS   %MEM
114       969      0.00      0.00 2791264  249616   3.02

---

UID       PID    %usr %system  %guest   %wait    %CPU
114       969    3.00    0.00    0.00    0.00    3.00

UID       PID  minflt/s  majflt/s     VSZ     RSS   %MEM
114       969     15.00      0.00 2791776  250128   3.03

---

UID       PID    %usr %system  %guest   %wait    %CPU
114       969    2.00    1.00    0.00    0.00    3.00

UID       PID  minflt/s  majflt/s     VSZ     RSS   %MEM
114       969      9.00      0.00 2791776  250128   3.03

---

UID       PID    %usr %system  %guest   %wait    %CPU
114       969    4.00    0.00    0.00    0.00    4.00

UID       PID  minflt/s  majflt/s     VSZ     RSS   %MEM
114       969      0.00      0.00 2791776  250128   3.03

---

UID       PID    %usr %system  %guest   %wait    %CPU
114       969    1.00    1.00    0.00    0.00    2.00

UID       PID  minflt/s  majflt/s     VSZ     RSS   %MEM
114       969      8.00      0.00 2791776  250128   3.03

---

UID       PID    %usr %system  %guest   %wait    %CPU
114       969    1.00    0.00    0.00    0.00    1.00

UID       PID  minflt/s  majflt/s     VSZ     RSS   %MEM
114       969      0.00      0.00 2791776  250128   3.03

---

UID       PID    %usr %system  %guest   %wait    %CPU
114       969    2.00    0.00    0.00    0.00    2.00

UID       PID  minflt/s  majflt/s     VSZ     RSS   %MEM
114       969      4.00      0.00 2791776  250128   3.03

---

UID       PID    %usr %system  %guest   %wait    %CPU
114       969    2.00    0.00    0.00    0.00    2.00

UID       PID  minflt/s  majflt/s     VSZ     RSS   %MEM
114       969     11.00      0.00 2791776  250640   3.04

---

UID       PID    %usr %system  %guest   %wait    %CPU
114       969    3.00    2.00    0.00    0.00    5.00

UID       PID  minflt/s  majflt/s     VSZ     RSS   %MEM
114       969      7.00      0.00 2792288  250640   3.04

---

UID       PID    %usr %system  %guest   %wait    %CPU
114       969    4.00    0.00    0.00    0.00    4.00

UID       PID  minflt/s  majflt/s     VSZ     RSS   %MEM
114       969     54.00      0.00 2792512  250640   3.04

---

UID       PID    %usr %system  %guest   %wait    %CPU
114       969    3.00    1.00    0.00    0.00    4.00

UID       PID  minflt/s  majflt/s     VSZ     RSS   %MEM
114       969     12.00      0.00 2792144  250640   3.04

---

UID       PID    %usr %system  %guest   %wait    %CPU
114       969    2.00    1.00    0.00    0.00    3.00

UID       PID  minflt/s  majflt/s     VSZ     RSS   %MEM
114       969      2.00      0.00 2791632  250640   3.04

---

UID       PID    %usr %system  %guest   %wait    %CPU
114       969    3.00    1.00    0.00    0.00    4.00

UID       PID  minflt/s  majflt/s     VSZ     RSS   %MEM
114       969     12.00      0.00 2792000  250640   3.04

---

UID       PID    %usr %system  %guest   %wait    %CPU
114       969    4.00    1.00    0.00    0.00    5.00

UID       PID  minflt/s  majflt/s     VSZ     RSS   %MEM
114       969      0.00      0.00 2791040  249584   3.02

---

UID       PID    %usr %system  %guest   %wait    %CPU
114       969    1.00    1.00    0.00    0.00    2.00

UID       PID  minflt/s  majflt/s     VSZ     RSS   %MEM
114       969     35.00      0.00 2791872  250096   3.03

---

UID       PID    %usr %system  %guest   %wait    %CPU
114       969    3.00    1.00    0.00    0.00    4.00

UID       PID  minflt/s  majflt/s     VSZ     RSS   %MEM
114       969      0.00      0.00 2791504  250096   3.03

---

UID       PID    %usr %system  %guest   %wait    %CPU
114       969    3.00    1.00    0.00    0.00    4.00

UID       PID  minflt/s  majflt/s     VSZ     RSS   %MEM
114       969      9.00      0.00 2791264  249504   3.02

---

UID       PID    %usr %system  %guest   %wait    %CPU
114       969    2.00    1.00    0.00    0.00    3.00

UID       PID  minflt/s  majflt/s     VSZ     RSS   %MEM
114       969      1.00      0.00 2791264  249504   3.02

---

UID       PID    %usr %system  %guest   %wait    %CPU
114       969    4.00    0.00    0.00    0.00    4.00

UID       PID  minflt/s  majflt/s     VSZ     RSS   %MEM
114       969      0.00      0.00 2791264  249504   3.02

---

UID       PID    %usr %system  %guest   %wait    %CPU
114       969    2.00    1.00    0.00    0.00    3.00

UID       PID  minflt/s  majflt/s     VSZ     RSS   %MEM
114       969     29.00      0.00 2791776  250016   3.03

---

UID       PID    %usr %system  %guest   %wait    %CPU
114       969    3.00    1.00    0.00    0.00    4.00

UID       PID  minflt/s  majflt/s     VSZ     RSS   %MEM
114       969     33.00      0.00 2792800  250016   3.03

---

UID       PID    %usr %system  %guest   %wait    %CPU
114       969    1.00    1.00    0.00    0.00    2.00

UID       PID  minflt/s  majflt/s     VSZ     RSS   %MEM
114       969     11.00      0.00 2792288  250016   3.03

---

UID       PID    %usr %system  %guest   %wait    %CPU
114       969    3.00    0.00    0.00    0.00    3.00

UID       PID  minflt/s  majflt/s     VSZ     RSS   %MEM
114       969      0.00      0.00 2791776  250016   3.03

---

UID       PID    %usr %system  %guest   %wait    %CPU
114       969    3.00    1.00    0.00    0.00    4.00

UID       PID  minflt/s  majflt/s     VSZ     RSS   %MEM
114       969      0.00      0.00 2791776  250016   3.03

---

UID       PID    %usr %system  %guest   %wait    %CPU
114       969    3.00    1.00    0.00    0.00    4.00

UID       PID  minflt/s  majflt/s     VSZ     RSS   %MEM
114       969     15.00      0.00 2792288  250016   3.03

---

UID       PID    %usr %system  %guest   %wait    %CPU
114       969    1.00    2.00    0.00    0.00    3.00

UID       PID  minflt/s  majflt/s     VSZ     RSS   %MEM
114       969      5.00      0.00 2791776  250016   3.03

---

UID       PID    %usr %system  %guest   %wait    %CPU
114       969    2.00    1.00    0.00    0.00    3.00

UID       PID  minflt/s  majflt/s     VSZ     RSS   %MEM
114       969     16.00      0.00 2792224  250016   3.03

---

UID       PID    %usr %system  %guest   %wait    %CPU
114       969    3.00    0.00    0.00    0.00    3.00

UID       PID  minflt/s  majflt/s     VSZ     RSS   %MEM
114       969      0.00      0.00 2791264  250016   3.03

---

UID       PID    %usr %system  %guest   %wait    %CPU
114       969    4.00    1.00    0.00    0.00    5.00

UID       PID  minflt/s  majflt/s     VSZ     RSS   %MEM
114       969      1.00      0.00 2791264  250016   3.03

---

UID       PID    %usr %system  %guest   %wait    %CPU
114       969    3.00    0.00    0.00    0.00    3.00

UID       PID  minflt/s  majflt/s     VSZ     RSS   %MEM
114       969     48.00      0.00 2791728  250016   3.03

---

UID       PID    %usr %system  %guest   %wait    %CPU
114       969    3.00    1.00    0.00    0.00    4.00

UID       PID  minflt/s  majflt/s     VSZ     RSS   %MEM
114       969      6.00      0.00 2791360  250016   3.03

---

UID       PID    %usr %system  %guest   %wait    %CPU
114       969    3.00    0.00    0.00    0.00    3.00

UID       PID  minflt/s  majflt/s     VSZ     RSS   %MEM
114       969     11.00      0.00 2791264  250016   3.03

---

UID       PID    %usr %system  %guest   %wait    %CPU
114       969    2.00    0.00    0.00    0.00    2.00

UID       PID  minflt/s  majflt/s     VSZ     RSS   %MEM
114       969      1.00      0.00 2791264  250016   3.03

---

UID       PID    %usr %system  %guest   %wait    %CPU
114       969    4.00    1.00    0.00    0.00    5.00

UID       PID  minflt/s  majflt/s     VSZ     RSS   %MEM
114       969     13.00      0.00 2791872  250016   3.03

---

UID       PID    %usr %system  %guest   %wait    %CPU
114       969    2.00    0.00    0.00    0.00    2.00

UID       PID  minflt/s  majflt/s     VSZ     RSS   %MEM
114       969     16.00      0.00 2791776  250016   3.03

---

UID       PID    %usr %system  %guest   %wait    %CPU
114       969    3.00    1.00    0.00    0.00    4.00

UID       PID  minflt/s  majflt/s     VSZ     RSS   %MEM
114       969      6.00      0.00 2790752  250016   3.03

---

UID       PID    %usr %system  %guest   %wait    %CPU
114       969    2.00    1.00    0.00    0.00    3.00

UID       PID  minflt/s  majflt/s     VSZ     RSS   %MEM
114       969     17.00      0.00 2790672  250016   3.03

---

UID       PID    %usr %system  %guest   %wait    %CPU
114       969    2.00    2.00    0.00    0.00    4.00

UID       PID  minflt/s  majflt/s     VSZ     RSS   %MEM
114       969      0.00      0.00 2790672  250016   3.03

---

UID       PID    %usr %system  %guest   %wait    %CPU
114       969    3.00    0.00    0.00    0.00    3.00

UID       PID  minflt/s  majflt/s     VSZ     RSS   %MEM
114       969     12.00      0.00 2791264  250016   3.03

---

UID       PID    %usr %system  %guest   %wait    %CPU
114       969    3.00    1.00    0.00    0.00    4.00

UID       PID  minflt/s  majflt/s     VSZ     RSS   %MEM
114       969     37.00      0.00 2791424  250016   3.03

---

UID       PID    %usr %system  %guest   %wait    %CPU
114       969    1.00    2.00    0.00    0.00    3.00

UID       PID  minflt/s  majflt/s     VSZ     RSS   %MEM
114       969     16.00      0.00 2791328  250016   3.03

---

UID       PID    %usr %system  %guest   %wait    %CPU
114       969    3.00    0.00    0.00    0.00    3.00

UID       PID  minflt/s  majflt/s     VSZ     RSS   %MEM
114       969     18.00      0.00 2791184  250016   3.03

---

UID       PID    %usr %system  %guest   %wait    %CPU
114       969    3.00    1.00    0.00    0.00    4.00

UID       PID  minflt/s  majflt/s     VSZ     RSS   %MEM
114       969      0.00      0.00 2791184  250016   3.03

---

UID       PID    %usr %system  %guest   %wait    %CPU
114       969    3.00    0.00    0.00    0.00    3.00

UID       PID  minflt/s  majflt/s     VSZ     RSS   %MEM
114       969      5.00      0.00 2791184  250016   3.03

---

UID       PID    %usr %system  %guest   %wait    %CPU
114       969    3.00    1.00    0.00    0.00    4.00

UID       PID  minflt/s  majflt/s     VSZ     RSS   %MEM
114       969     15.00      0.00 2791184  250016   3.03

---

UID       PID    %usr %system  %guest   %wait    %CPU
114       969    3.00    0.00    0.00    0.00    3.00

UID       PID  minflt/s  majflt/s     VSZ     RSS   %MEM
114       969      0.00      0.00 2791184  250016   3.03

---

UID       PID    %usr %system  %guest   %wait    %CPU
114       969    2.00    1.00    0.00    0.00    3.00

UID       PID  minflt/s  majflt/s     VSZ     RSS   %MEM
114       969     13.00      0.00 2791632  250016   3.03

---

UID       PID    %usr %system  %guest   %wait    %CPU
114       969    2.00    2.00    0.00    0.00    4.00

UID       PID  minflt/s  majflt/s     VSZ     RSS   %MEM
114       969      0.00      0.00 2790672  249472   3.02

---

UID       PID    %usr %system  %guest   %wait    %CPU
114       969    3.00    1.00    0.00    0.00    4.00

UID       PID  minflt/s  majflt/s     VSZ     RSS   %MEM
114       969     12.00      0.00 2791184  249472   3.02

---

UID       PID    %usr %system  %guest   %wait    %CPU
114       969    4.00    0.00    0.00    0.00    4.00

UID       PID  minflt/s  majflt/s     VSZ     RSS   %MEM
114       969     43.00      0.00 2791328  249984   3.03

---

UID       PID    %usr %system  %guest   %wait    %CPU
114       969    3.00    0.00    0.00    0.00    3.00

UID       PID  minflt/s  majflt/s     VSZ     RSS   %MEM
114       969     15.00      0.00 2791328  249424   3.02

---

UID       PID    %usr %system  %guest   %wait    %CPU
114       969    2.00    1.00    0.00    0.00    3.00

UID       PID  minflt/s  majflt/s     VSZ     RSS   %MEM
114       969      9.00      0.00 2791184  249424   3.02

---

UID       PID    %usr %system  %guest   %wait    %CPU
114       969    2.00    1.00    0.00    0.00    3.00

UID       PID  minflt/s  majflt/s     VSZ     RSS   %MEM
114       969      0.00      0.00 2791184  249424   3.02

---

UID       PID    %usr %system  %guest   %wait    %CPU
114       969    4.00    0.00    0.00    0.00    4.00

UID       PID  minflt/s  majflt/s     VSZ     RSS   %MEM
114       969     18.00      0.00 2791184  249424   3.02

---

UID       PID    %usr %system  %guest   %wait    %CPU
114       969    3.00    1.00    0.00    0.00    4.00

UID       PID  minflt/s  majflt/s     VSZ     RSS   %MEM
114       969      4.00      0.00 2791184  249424   3.02

---

UID       PID    %usr %system  %guest   %wait    %CPU
114       969    3.00    0.00    0.00    0.00    3.00

UID       PID  minflt/s  majflt/s     VSZ     RSS   %MEM
114       969      4.00      0.00 2791184  249424   3.02

---

UID       PID    %usr %system  %guest   %wait    %CPU
114       969    1.00    1.00    0.00    0.00    2.00

UID       PID  minflt/s  majflt/s     VSZ     RSS   %MEM
114       969     10.00      0.00 2791184  249424   3.02

---

UID       PID    %usr %system  %guest   %wait    %CPU
114       969    3.00    0.00    0.00    0.00    3.00

UID       PID  minflt/s  majflt/s     VSZ     RSS   %MEM
114       969      0.00      0.00 2791184  249424   3.02

---

UID       PID    %usr %system  %guest   %wait    %CPU
114       969    4.00    1.00    0.00    0.00    5.00

UID       PID  minflt/s  majflt/s     VSZ     RSS   %MEM
114       969      9.00      0.00 2790672  249424   3.02

---

UID       PID    %usr %system  %guest   %wait    %CPU
114       969    4.00    0.00    0.00    0.00    4.00

UID       PID  minflt/s  majflt/s     VSZ     RSS   %MEM
114       969     17.00      0.00 2791184  249936   3.03

---

UID       PID    %usr %system  %guest   %wait    %CPU
114       969    2.00    1.00    0.00    0.00    3.00

UID       PID  minflt/s  majflt/s     VSZ     RSS   %MEM
114       969      1.00      0.00 2790672  249936   3.03

---

UID       PID    %usr %system  %guest   %wait    %CPU
114       969    2.00    2.00    0.00    0.00    4.00

UID       PID  minflt/s  majflt/s     VSZ     RSS   %MEM
114       969     16.00      0.00 2790672  249360   3.02

---

UID       PID    %usr %system  %guest   %wait    %CPU
114       969    2.00    2.00    0.00    0.00    4.00

UID       PID  minflt/s  majflt/s     VSZ     RSS   %MEM
114       969      0.00      0.00 2790672  249360   3.02

---

UID       PID    %usr %system  %guest   %wait    %CPU
114       969    2.00    0.00    0.00    0.00    2.00

UID       PID  minflt/s  majflt/s     VSZ     RSS   %MEM
114       969      4.00      0.00 2790672  249360   3.02

---

UID       PID    %usr %system  %guest   %wait    %CPU
114       969    2.00    0.00    0.00    0.00    2.00

UID       PID  minflt/s  majflt/s     VSZ     RSS   %MEM
114       969     24.00      0.00 2791264  249360   3.02

---

UID       PID    %usr %system  %guest   %wait    %CPU
114       969    1.00    1.00    0.00    0.00    2.00

UID       PID  minflt/s  majflt/s     VSZ     RSS   %MEM
114       969      0.00      0.00 2790752  249360   3.02

---

UID       PID    %usr %system  %guest   %wait    %CPU
114       969    1.00    1.00    0.00    0.00    2.00

UID       PID  minflt/s  majflt/s     VSZ     RSS   %MEM
114       969     10.00      0.00 2790752  249360   3.02

---

UID       PID    %usr %system  %guest   %wait    %CPU
114       969    1.00    1.00    0.00    0.00    2.00

UID       PID  minflt/s  majflt/s     VSZ     RSS   %MEM
114       969      0.00      0.00 2790752  249360   3.02

---

UID       PID    %usr %system  %guest   %wait    %CPU
114       969    3.00    1.00    0.00    0.00    4.00

UID       PID  minflt/s  majflt/s     VSZ     RSS   %MEM
114       969      9.00      0.00 2790752  249360   3.02

---

UID       PID    %usr %system  %guest   %wait    %CPU
114       969    3.00    0.00    0.00    0.00    3.00

UID       PID  minflt/s  majflt/s     VSZ     RSS   %MEM
114       969     45.00      0.00 2791120  249872   3.03

---

UID       PID    %usr %system  %guest   %wait    %CPU
114       969    3.00    1.00    0.00    0.00    4.00

UID       PID  minflt/s  majflt/s     VSZ     RSS   %MEM
114       969     11.00      0.00 2791120  249872   3.03

---

UID       PID    %usr %system  %guest   %wait    %CPU
114       969    3.00    0.00    0.00    0.00    3.00

UID       PID  minflt/s  majflt/s     VSZ     RSS   %MEM
114       969      9.00      0.00 2790752  249872   3.03

---

UID       PID    %usr %system  %guest   %wait    %CPU
114       969    1.00    2.00    0.00    0.00    3.00

UID       PID  minflt/s  majflt/s     VSZ     RSS   %MEM
114       969      0.00      0.00 2790752  249872   3.03

---

UID       PID    %usr %system  %guest   %wait    %CPU
114       969    3.00    1.00    0.00    0.00    4.00

UID       PID  minflt/s  majflt/s     VSZ     RSS   %MEM
114       969     12.00      0.00 2790752  249872   3.03

---

UID       PID    %usr %system  %guest   %wait    %CPU
114       969    4.00    0.00    0.00    0.00    4.00

UID       PID  minflt/s  majflt/s     VSZ     RSS   %MEM
114       969      7.00      0.00 2790752  249872   3.03

---

UID       PID    %usr %system  %guest   %wait    %CPU
114       969    2.00    1.00    0.00    0.00    3.00

UID       PID  minflt/s  majflt/s     VSZ     RSS   %MEM
114       969      0.00      0.00 2790752  249872   3.03

---

UID       PID    %usr %system  %guest   %wait    %CPU
114       969    1.00    2.00    0.00    0.00    3.00

UID       PID  minflt/s  majflt/s     VSZ     RSS   %MEM
114       969     10.00      0.00 2790752  249872   3.03

---

UID       PID    %usr %system  %guest   %wait    %CPU
114       969    2.00    1.00    0.00    0.00    3.00

UID       PID  minflt/s  majflt/s     VSZ     RSS   %MEM
114       969      0.00      0.00 2790752  249872   3.03

---

UID       PID    %usr %system  %guest   %wait    %CPU
114       969    3.00    1.00    0.00    0.00    4.00

UID       PID  minflt/s  majflt/s     VSZ     RSS   %MEM
114       969     41.00      0.00 2791504  250384   3.03

---

UID       PID    %usr %system  %guest   %wait    %CPU
114       969    3.00    1.00    0.00    0.00    4.00

UID       PID  minflt/s  majflt/s     VSZ     RSS   %MEM
114       969      8.00      0.00 2790912  250384   3.03

---

UID       PID    %usr %system  %guest   %wait    %CPU
114       969    2.00    2.00    0.00    0.00    4.00

UID       PID  minflt/s  majflt/s     VSZ     RSS   %MEM
114       969     10.00      0.00 2790672  249712   3.02

---

UID       PID    %usr %system  %guest   %wait    %CPU
114       969    2.00    0.00    0.00    0.00    2.00

UID       PID  minflt/s  majflt/s     VSZ     RSS   %MEM
114       969     12.00      0.00 2790672  249712   3.02

---

UID       PID    %usr %system  %guest   %wait    %CPU
114       969    3.00    1.00    0.00    0.00    4.00

UID       PID  minflt/s  majflt/s     VSZ     RSS   %MEM
114       969      0.00      0.00 2790672  249712   3.02
