Linux 6.12.20+rpt-rpi-2712 (rpi5-H)     12/04/25        _aarch64_       (4 CPU)

11:16:58      UID       PID    %usr %system  %guest   %wait    %CPU   CPU  Command
11:16:59     1000    926407    0.00    1.00    0.00    0.00    1.00     1  java

11:16:58      UID       PID  minflt/s  majflt/s     VSZ     RSS   %MEM  Command
11:16:59     1000    926407      0.00      0.00 3926096  990992  12.02  java

11:16:59      UID       PID    %usr %system  %guest   %wait    %CPU   CPU  Command
11:17:00     1000    926407    1.00    0.00    0.00    0.00    1.00     1  java

11:16:59      UID       PID  minflt/s  majflt/s     VSZ     RSS   %MEM  Command
11:17:00     1000    926407      0.00      0.00 3926096  990992  12.02  java

11:17:00      UID       PID    %usr %system  %guest   %wait    %CPU   CPU  Command
11:17:01     1000    926407    0.00    0.00    0.00    0.00    0.00     1  java

11:17:00      UID       PID  minflt/s  majflt/s     VSZ     RSS   %MEM  Command
11:17:01     1000    926407      0.00      0.00 3926096  990992  12.02  java

11:17:01      UID       PID    %usr %system  %guest   %wait    %CPU   CPU  Command
11:17:02     1000    926407    0.00    1.00    0.00    0.00    1.00     1  java

11:17:01      UID       PID  minflt/s  majflt/s     VSZ     RSS   %MEM  Command
11:17:02     1000    926407      0.00      0.00 3926096  990992  12.02  java

11:17:02      UID       PID    %usr %system  %guest   %wait    %CPU   CPU  Command
11:17:03     1000    926407    0.00    0.00    0.00    0.00    0.00     1  java

11:17:02      UID       PID  minflt/s  majflt/s     VSZ     RSS   %MEM  Command
11:17:03     1000    926407      1.00      0.00 3926096  990992  12.02  java

11:17:03      UID       PID    %usr %system  %guest   %wait    %CPU   CPU  Command
11:17:04     1000    926407    0.00    0.00    0.00    0.00    0.00     1  java

11:17:03      UID       PID  minflt/s  majflt/s     VSZ     RSS   %MEM  Command
11:17:04     1000    926407      0.00      0.00 3926096  990992  12.02  java

11:17:04      UID       PID    %usr %system  %guest   %wait    %CPU   CPU  Command
11:17:05     1000    926407    0.00    1.00    0.00    0.00    1.00     1  java

11:17:04      UID       PID  minflt/s  majflt/s     VSZ     RSS   %MEM  Command
11:17:05     1000    926407      0.00      0.00 3926096  990992  12.02  java

11:17:05      UID       PID    %usr %system  %guest   %wait    %CPU   CPU  Command
11:17:06     1000    926407    0.00    0.00    0.00    0.00    0.00     1  java

11:17:05      UID       PID  minflt/s  majflt/s     VSZ     RSS   %MEM  Command
11:17:06     1000    926407      0.00      0.00 3926096  990992  12.02  java

11:17:06      UID       PID    %usr %system  %guest   %wait    %CPU   CPU  Command
11:17:07     1000    926407    0.00    0.00    0.00    0.00    0.00     1  java

11:17:06      UID       PID  minflt/s  majflt/s     VSZ     RSS   %MEM  Command
11:17:07     1000    926407      0.00      0.00 3926096  990992  12.02  java

11:17:07      UID       PID    %usr %system  %guest   %wait    %CPU   CPU  Command
11:17:08     1000    926407    1.00    0.00    0.00    0.00    1.00     1  java

11:17:07      UID       PID  minflt/s  majflt/s     VSZ     RSS   %MEM  Command
11:17:08     1000    926407      0.00      0.00 3926096  990992  12.02  java

Average:      UID       PID    %usr %system  %guest   %wait    %CPU   CPU  Command
Average:     1000    926407    0.20    0.30    0.00    0.00    0.50     -  java

Average:      UID       PID  minflt/s  majflt/s     VSZ     RSS   %MEM  Command
Average:     1000    926407      0.10      0.00 3926096  990992  12.02  java