Linux 6.6.74+rpt-rpi-2712 (rpi-S)       12/04/25        _aarch64_       (4 CPU)

11:18:21      UID       PID    %usr %system  %guest   %wait    %CPU   CPU  Command
11:18:23        0    418155    0.00    0.00    0.00    0.00    0.00     1  nats-server

11:18:21      UID       PID  minflt/s  majflt/s     VSZ     RSS   %MEM  Command
11:18:23        0    418155      0.00      0.00 1240608   17040   0.21  nats-server

11:18:23      UID       PID    %usr %system  %guest   %wait    %CPU   CPU  Command
11:18:24        0    418155    0.00    0.00    0.00    0.00    0.00     1  nats-server

11:18:23      UID       PID  minflt/s  majflt/s     VSZ     RSS   %MEM  Command
11:18:24        0    418155      0.00      0.00 1240608   17040   0.21  nats-server

11:18:24      UID       PID    %usr %system  %guest   %wait    %CPU   CPU  Command
11:18:25        0    418155    0.00    0.00    0.00    0.00    0.00     1  nats-server

11:18:24      UID       PID  minflt/s  majflt/s     VSZ     RSS   %MEM  Command
11:18:25        0    418155      0.00      0.00 1240608   17040   0.21  nats-server

11:18:25      UID       PID    %usr %system  %guest   %wait    %CPU   CPU  Command
11:18:26        0    418155    0.00    0.00    0.00    0.00    0.00     1  nats-server

11:18:25      UID       PID  minflt/s  majflt/s     VSZ     RSS   %MEM  Command
11:18:26        0    418155      0.00      0.00 1240608   17040   0.21  nats-server

11:18:26      UID       PID    %usr %system  %guest   %wait    %CPU   CPU  Command
11:18:27        0    418155    0.00    0.00    0.00    0.00    0.00     1  nats-server

11:18:26      UID       PID  minflt/s  majflt/s     VSZ     RSS   %MEM  Command
11:18:27        0    418155      0.00      0.00 1240608   17040   0.21  nats-server

11:18:27      UID       PID    %usr %system  %guest   %wait    %CPU   CPU  Command
11:18:28        0    418155    0.00    0.00    0.00    0.00    0.00     1  nats-server

11:18:27      UID       PID  minflt/s  majflt/s     VSZ     RSS   %MEM  Command
11:18:28        0    418155      0.00      0.00 1240608   17040   0.21  nats-server

11:18:28      UID       PID    %usr %system  %guest   %wait    %CPU   CPU  Command
11:18:29        0    418155    0.00    0.00    0.00    0.00    0.00     1  nats-server

11:18:28      UID       PID  minflt/s  majflt/s     VSZ     RSS   %MEM  Command
11:18:29        0    418155      1.00      0.00 1240608   17040   0.21  nats-server

11:18:29      UID       PID    %usr %system  %guest   %wait    %CPU   CPU  Command
11:18:30        0    418155    0.00    0.00    0.00    0.00    0.00     1  nats-server

11:18:29      UID       PID  minflt/s  majflt/s     VSZ     RSS   %MEM  Command
11:18:30        0    418155      0.00      0.00 1240608   17040   0.21  nats-server

11:18:30      UID       PID    %usr %system  %guest   %wait    %CPU   CPU  Command
11:18:31        0    418155    0.00    0.00    0.00    0.00    0.00     1  nats-server

11:18:30      UID       PID  minflt/s  majflt/s     VSZ     RSS   %MEM  Command
11:18:31        0    418155      0.00      0.00 1240608   17040   0.21  nats-server

11:18:31      UID       PID    %usr %system  %guest   %wait    %CPU   CPU  Command
11:18:32        0    418155    0.00    0.00    0.00    0.00    0.00     1  nats-server

11:18:31      UID       PID  minflt/s  majflt/s     VSZ     RSS   %MEM  Command
11:18:32        0    418155      0.00      0.00 1240608   17040   0.21  nats-server

Average:      UID       PID    %usr %system  %guest   %wait    %CPU   CPU  Command
Average:        0    418155    0.00    0.00    0.00    0.00    0.00     -  nats-server

Average:      UID       PID  minflt/s  majflt/s     VSZ     RSS   %MEM  Command
Average:        0    418155      0.10      0.00 1240608   17040   0.21  nats-server